Unity3DProject/Temp/gradleOut/launcher/build/intermediates/manifest_merge_blame_file/release/manifest-merger-blame-release-report.txt
1<?xml version="1.0" encoding="utf-8"?>
2<!-- GENERATED BY UNITY. REMOVE THIS COMMENT TO PREVENT OVERWRITING WHEN EXPORTING AGAIN -->
3<manifest xmlns:android="http://schemas.android.com/apk/res/android"
4    package="com.Engineria.BackgroundService"
5    android:installLocation="preferExternal"
6    android:versionCode="1"
7    android:versionName="0.3" >
8
9    <uses-sdk
10        android:minSdkVersion="26"
10-->src/main/AndroidManifest.xml
11        android:targetSdkVersion="29" />
11-->src/main/AndroidManifest.xml
12
13    <supports-screens
13-->src/main/AndroidManifest.xml:4:3-163
14        android:anyDensity="true"
14-->src/main/AndroidManifest.xml:4:135-160
15        android:largeScreens="true"
15-->src/main/AndroidManifest.xml:4:78-105
16        android:normalScreens="true"
16-->src/main/AndroidManifest.xml:4:49-77
17        android:smallScreens="true"
17-->src/main/AndroidManifest.xml:4:21-48
18        android:xlargeScreens="true" />
18-->src/main/AndroidManifest.xml:4:106-134
19
20    <uses-feature android:glEsVersion="0x00030000" />
20-->[:unityLibrary] AndroidManifest.xml:13:5-54
20-->[:unityLibrary] AndroidManifest.xml:13:19-51
21    <uses-feature
21-->[:unityLibrary] AndroidManifest.xml:14:5-16:36
22        android:name="android.hardware.vulkan.version"
22-->[:unityLibrary] AndroidManifest.xml:15:9-55
23        android:required="false" />
23-->[:unityLibrary] AndroidManifest.xml:16:9-33
24    <uses-feature
24-->[:unityLibrary] AndroidManifest.xml:17:5-19:36
25        android:name="android.hardware.touchscreen"
25-->[:unityLibrary] AndroidManifest.xml:18:9-52
26        android:required="false" />
26-->[:unityLibrary] AndroidManifest.xml:19:9-33
27    <uses-feature
27-->[:unityLibrary] AndroidManifest.xml:20:5-22:36
28        android:name="android.hardware.touchscreen.multitouch"
28-->[:unityLibrary] AndroidManifest.xml:21:9-63
29        android:required="false" />
29-->[:unityLibrary] AndroidManifest.xml:22:9-33
30    <uses-feature
30-->[:unityLibrary] AndroidManifest.xml:23:5-25:36
31        android:name="android.hardware.touchscreen.multitouch.distinct"
31-->[:unityLibrary] AndroidManifest.xml:24:9-72
32        android:required="false" />
32-->[:unityLibrary] AndroidManifest.xml:25:9-33
33
34    <uses-permission android:name="android.permission.FOREGROUND_SERVICE" />
34-->[:app-debug:] AndroidManifest.xml:11:5-77
34-->[:app-debug:] AndroidManifest.xml:11:22-74
35    <uses-permission android:name="android.permission.ACTIVITY_RECOGNITION" />
35-->[:app-debug:] AndroidManifest.xml:12:5-79
35-->[:app-debug:] AndroidManifest.xml:12:22-76
36    <uses-permission android:name="android.permission.READ_PHONE_STATE" />
36-->[:app-debug:] AndroidManifest.xml:13:5-75
36-->[:app-debug:] AndroidManifest.xml:13:22-72
37    <uses-permission android:name="android.permission.REQUEST_IGNORE_BATTERY_OPTIMIZATIONS" />
37-->[:app-debug:] AndroidManifest.xml:14:5-95
37-->[:app-debug:] AndroidManifest.xml:14:22-92
38    <uses-permission android:name="android.permission.RECEIVE_BOOT_COMPLETED" />
38-->[:app-debug:] AndroidManifest.xml:15:5-81
38-->[:app-debug:] AndroidManifest.xml:15:22-78
39
40    <application
40-->src/main/AndroidManifest.xml:5:3-116
41        android:name="com.kdg.toast.plugin.Bridge"
41-->[:app-debug:] AndroidManifest.xml:18:9-51
42        android:appComponentFactory="androidx.core.app.CoreComponentFactory"
42-->[:app-debug:] AndroidManifest.xml:19:9-77
43        android:extractNativeLibs="true"
43-->src/main/AndroidManifest.xml:5:16-48
44        android:icon="@mipmap/app_icon"
44-->src/main/AndroidManifest.xml:5:82-113
45        android:label="@string/app_name" >
45-->src/main/AndroidManifest.xml:5:49-81
46        <activity
46-->[:unityLibrary] AndroidManifest.xml:28:9-47:20
47            android:name="com.unity3d.player.UnityPlayerActivity"
47-->[:unityLibrary] AndroidManifest.xml:29:13-66
48            android:configChanges="mcc|mnc|locale|touchscreen|keyboard|keyboardHidden|navigation|orientation|screenLayout|uiMode|screenSize|smallestScreenSize|fontScale|layoutDirection|density"
48-->[:unityLibrary] AndroidManifest.xml:30:13-194
49            android:hardwareAccelerated="false"
49-->[:unityLibrary] AndroidManifest.xml:31:13-48
50            android:launchMode="singleTask"
50-->[:unityLibrary] AndroidManifest.xml:32:13-44
51            android:screenOrientation="portrait"
51-->[:unityLibrary] AndroidManifest.xml:33:13-49
52            android:theme="@style/UnityThemeSelector" >
52-->[:unityLibrary] AndroidManifest.xml:34:13-54
53            <intent-filter>
53-->[:unityLibrary] AndroidManifest.xml:35:13-39:29
54                <action android:name="android.intent.action.MAIN" />
54-->[:unityLibrary] AndroidManifest.xml:36:17-69
54-->[:unityLibrary] AndroidManifest.xml:36:25-66
55
56                <category android:name="android.intent.category.LAUNCHER" />
56-->[:unityLibrary] AndroidManifest.xml:38:17-77
56-->[:unityLibrary] AndroidManifest.xml:38:27-74
57            </intent-filter>
58
59            <meta-data
59-->[:unityLibrary] AndroidManifest.xml:41:13-43:40
60                android:name="unityplayer.UnityActivity"
60-->[:unityLibrary] AndroidManifest.xml:42:17-57
61                android:value="true" />
61-->[:unityLibrary] AndroidManifest.xml:43:17-37
62            <meta-data
62-->[:unityLibrary] AndroidManifest.xml:44:13-46:40
63                android:name="android.notch_support"
63-->[:unityLibrary] AndroidManifest.xml:45:17-53
64                android:value="true" />
64-->[:unityLibrary] AndroidManifest.xml:46:17-37
65        </activity>
66
67        <meta-data
67-->[:unityLibrary] AndroidManifest.xml:49:9-51:33
68            android:name="unity.splash-mode"
68-->[:unityLibrary] AndroidManifest.xml:50:13-45
69            android:value="0" />
69-->[:unityLibrary] AndroidManifest.xml:51:13-30
70        <meta-data
70-->[:unityLibrary] AndroidManifest.xml:52:9-54:36
71            android:name="unity.splash-enable"
71-->[:unityLibrary] AndroidManifest.xml:53:13-47
72            android:value="True" />
72-->[:unityLibrary] AndroidManifest.xml:54:13-33
73        <meta-data
73-->[:unityLibrary] AndroidManifest.xml:55:9-57:50
74            android:name="notch.config"
74-->[:unityLibrary] AndroidManifest.xml:56:13-40
75            android:value="portrait|landscape" />
75-->[:unityLibrary] AndroidManifest.xml:57:13-47
76        <meta-data
76-->[:unityLibrary] AndroidManifest.xml:58:9-60:68
77            android:name="unity.build-id"
77-->[:unityLibrary] AndroidManifest.xml:59:13-42
78            android:value="7191fa0f-b5bb-466b-9722-17cf1f2ac58f" />
78-->[:unityLibrary] AndroidManifest.xml:60:13-65
79
80        <service
80-->[:app-debug:] AndroidManifest.xml:20:9-23:39
81            android:name="com.kdg.toast.plugin.PedometerService"
81-->[:app-debug:] AndroidManifest.xml:21:13-65
82            android:enabled="true"
82-->[:app-debug:] AndroidManifest.xml:22:13-35
83            android:exported="true" />
83-->[:app-debug:] AndroidManifest.xml:23:13-36
84    </application>
85
86</manifest>